# JRE version: Java(TM) SE Runtime Environment (8.0_301-b09) (build 1.8.0_301-b09)
# Java VM: Java HotSpot(TM) 64-Bit Server VM (25.301-b09 mixed mode windows-amd64 compressed oops)
Heap:
 PSYoungGen      total 131072K, used 4687K [0x00000000eda00000, 0x00000000f6700000, 0x0000000100000000)
  eden space 117760K, 3% used [0x00000000eda00000,0x00000000ede93f08,0x00000000f4d00000)
  from space 13312K, 0% used [0x00000000f5a00000,0x00000000f5a00000,0x00000000f6700000)
  to   space 13312K, 0% used [0x00000000f4d00000,0x00000000f4d00000,0x00000000f5a00000)
 ParOldGen       total 52224K, used 23456K [0x00000000c8e00000, 0x00000000cc100000, 0x00000000eda00000)
  object space 52224K, 44% used [0x00000000c8e00000,0x00000000ca4e80e0,0x00000000cc100000)
 Metaspace       used 21032K, capacity 21324K, committed 21504K, reserved 1069056K
  class space    used 2692K, capacity 2782K, committed 2816K, reserved 1048576K
GC Heap History (10 events):
Event: 1.190 GC heap before
{Heap before GC invocations=5 (full 0):
 PSYoungGen      total 31744K, used 31716K [0x00000000eda00000, 0x00000000efb00000, 0x0000000100000000)
  eden space 29696K, 100% used [0x00000000eda00000,0x00000000ef700000,0x00000000ef700000)
  from space 2048K, 98% used [0x00000000ef900000,0x00000000efaf93a0,0x00000000efb00000)
  to   space 2048K, 0% used [0x00000000ef700000,0x00000000ef700000,0x00000000ef900000)
 ParOldGen       total 38400K, used 12471K [0x00000000c8e00000, 0x00000000cb380000, 0x00000000eda00000)
  object space 38400K, 32% used [0x00000000c8e00000,0x00000000c9a2dfa0,0x00000000cb380000)
 Metaspace       used 11265K, capacity 11368K, committed 11520K, reserved 1058816K
  class space    used 1419K, capacity 1460K, committed 1536K, reserved 1048576K
Event: 1.199 GC heap after
Heap after GC invocations=5 (full 0):
 PSYoungGen      total 31744K, used 2020K [0x00000000eda00000, 0x00000000f2600000, 0x0000000100000000)
  eden space 29696K, 0% used [0x00000000eda00000,0x00000000eda00000,0x00000000ef700000)
  from space 2048K, 98% used [0x00000000ef700000,0x00000000ef8f93a0,0x00000000ef900000)
  to   space 9216K, 0% used [0x00000000f1d00000,0x00000000f1d00000,0x00000000f2600000)
 ParOldGen       total 38400K, used 18363K [0x00000000c8e00000, 0x00000000cb380000, 0x00000000eda00000)
  object space 38400K, 47% used [0x00000000c8e00000,0x00000000c9feef80,0x00000000cb380000)
 Metaspace       used 11265K, capacity 11368K, committed 11520K, reserved 1058816K
  class space    used 1419K, capacity 1460K, committed 1536K, reserved 1048576K
}
Event: 1.505 GC heap before
{Heap before GC invocations=6 (full 0):
 PSYoungGen      total 31744K, used 31716K [0x00000000eda00000, 0x00000000f2600000, 0x0000000100000000)
  eden space 29696K, 100% used [0x00000000eda00000,0x00000000ef700000,0x00000000ef700000)
  from space 2048K, 98% used [0x00000000ef700000,0x00000000ef8f93a0,0x00000000ef900000)
  to   space 9216K, 0% used [0x00000000f1d00000,0x00000000f1d00000,0x00000000f2600000)
 ParOldGen       total 38400K, used 18363K [0x00000000c8e00000, 0x00000000cb380000, 0x00000000eda00000)
  object space 38400K, 47% used [0x00000000c8e00000,0x00000000c9feef80,0x00000000cb380000)
 Metaspace       used 13261K, capacity 13374K, committed 13568K, reserved 1060864K
  class space    used 1730K, capacity 1757K, committed 1792K, reserved 1048576K
Event: 1.514 GC heap after
Heap after GC invocations=6 (full 0):
 PSYoungGen      total 68096K, used 7588K [0x00000000eda00000, 0x00000000f2700000, 0x0000000100000000)
  eden space 58880K, 0% used [0x00000000eda00000,0x00000000eda00000,0x00000000f1380000)
  from space 9216K, 82% used [0x00000000f1d00000,0x00000000f2469088,0x00000000f2600000)
  to   space 9728K, 0% used [0x00000000f1380000,0x00000000f1380000,0x00000000f1d00000)
 ParOldGen       total 38400K, used 18363K [0x00000000c8e00000, 0x00000000cb380000, 0x00000000eda00000)
  object space 38400K, 47% used [0x00000000c8e00000,0x00000000c9feef80,0x00000000cb380000)
 Metaspace       used 13261K, capacity 13374K, committed 13568K, reserved 1060864K
  class space    used 1730K, capacity 1757K, committed 1792K, reserved 1048576K
}
Event: 2.893 GC heap before
{Heap before GC invocations=7 (full 0):
 PSYoungGen      total 68096K, used 66468K [0x00000000eda00000, 0x00000000f2700000, 0x0000000100000000)
  eden space 58880K, 100% used [0x00000000eda00000,0x00000000f1380000,0x00000000f1380000)
  from space 9216K, 82% used [0x00000000f1d00000,0x00000000f2469088,0x00000000f2600000)
  to   space 9728K, 0% used [0x00000000f1380000,0x00000000f1380000,0x00000000f1d00000)
 ParOldGen       total 38400K, used 18363K [0x00000000c8e00000, 0x00000000cb380000, 0x00000000eda00000)
  object space 38400K, 47% used [0x00000000c8e00000,0x00000000c9feef80,0x00000000cb380000)
 Metaspace       used 20033K, capacity 20230K, committed 20352K, reserved 1067008K
  class space    used 2586K, capacity 2653K, committed 2688K, reserved 1048576K
Event: 2.911 GC heap after
Heap after GC invocations=7 (full 0):
 PSYoungGen      total 68608K, used 9724K [0x00000000eda00000, 0x00000000f6700000, 0x0000000100000000)
  eden space 58880K, 0% used [0x00000000eda00000,0x00000000eda00000,0x00000000f1380000)
  from space 9728K, 99% used [0x00000000f1380000,0x00000000f1cff070,0x00000000f1d00000)
  to   space 13312K, 0% used [0x00000000f5a00000,0x00000000f5a00000,0x00000000f6700000)
 ParOldGen       total 38400K, used 22560K [0x00000000c8e00000, 0x00000000cb380000, 0x00000000eda00000)
  object space 38400K, 58% used [0x00000000c8e00000,0x00000000ca408280,0x00000000cb380000)
 Metaspace       used 20033K, capacity 20230K, committed 20352K, reserved 1067008K
  class space    used 2586K, capacity 2653K, committed 2688K, reserved 1048576K
}
Event: 3.313 GC heap before
{Heap before GC invocations=8 (full 0):
 PSYoungGen      total 68608K, used 17933K [0x00000000eda00000, 0x00000000f6700000, 0x0000000100000000)
  eden space 58880K, 13% used [0x00000000eda00000,0x00000000ee2043e0,0x00000000f1380000)
  from space 9728K, 99% used [0x00000000f1380000,0x00000000f1cff070,0x00000000f1d00000)
  to   space 13312K, 0% used [0x00000000f5a00000,0x00000000f5a00000,0x00000000f6700000)
 ParOldGen       total 38400K, used 22560K [0x00000000c8e00000, 0x00000000cb380000, 0x00000000eda00000)
  object space 38400K, 58% used [0x00000000c8e00000,0x00000000ca408280,0x00000000cb380000)
 Metaspace       used 20874K, capacity 21100K, committed 21248K, reserved 1067008K
  class space    used 2665K, capacity 2750K, committed 2816K, reserved 1048576K
Event: 3.328 GC heap after
Heap after GC invocations=8 (full 0):
 PSYoungGen      total 131072K, used 8809K [0x00000000eda00000, 0x00000000f6700000, 0x0000000100000000)
  eden space 117760K, 0% used [0x00000000eda00000,0x00000000eda00000,0x00000000f4d00000)
  from space 13312K, 66% used [0x00000000f5a00000,0x00000000f629a688,0x00000000f6700000)
  to   space 13312K, 0% used [0x00000000f4d00000,0x00000000f4d00000,0x00000000f5a00000)
 ParOldGen       total 38400K, used 22964K [0x00000000c8e00000, 0x00000000cb380000, 0x00000000eda00000)
  object space 38400K, 59% used [0x00000000c8e00000,0x00000000ca46d230,0x00000000cb380000)
 Metaspace       used 20874K, capacity 21100K, committed 21248K, reserved 1067008K
  class space    used 2665K, capacity 2750K, committed 2816K, reserved 1048576K
}
Event: 3.328 GC heap before
{Heap before GC invocations=9 (full 1):
 PSYoungGen      total 131072K, used 8809K [0x00000000eda00000, 0x00000000f6700000, 0x0000000100000000)
  eden space 117760K, 0% used [0x00000000eda00000,0x00000000eda00000,0x00000000f4d00000)
  from space 13312K, 66% used [0x00000000f5a00000,0x00000000f629a688,0x00000000f6700000)
  to   space 13312K, 0% used [0x00000000f4d00000,0x00000000f4d00000,0x00000000f5a00000)
 ParOldGen       total 38400K, used 22964K [0x00000000c8e00000, 0x00000000cb380000, 0x00000000eda00000)
  object space 38400K, 59% used [0x00000000c8e00000,0x00000000ca46d230,0x00000000cb380000)
 Metaspace       used 20874K, capacity 21100K, committed 21248K, reserved 1067008K
  class space    used 2665K, capacity 2750K, committed 2816K, reserved 1048576K
Event: 3.393 GC heap after
Heap after GC invocations=9 (full 1):
 PSYoungGen      total 131072K, used 0K [0x00000000eda00000, 0x00000000f6700000, 0x0000000100000000)
  eden space 117760K, 0% used [0x00000000eda00000,0x00000000eda00000,0x00000000f4d00000)
  from space 13312K, 0% used [0x00000000f5a00000,0x00000000f5a00000,0x00000000f6700000)
  to   space 13312K, 0% used [0x00000000f4d00000,0x00000000f4d00000,0x00000000f5a00000)
 ParOldGen       total 52224K, used 23456K [0x00000000c8e00000, 0x00000000cc100000, 0x00000000eda00000)
  object space 52224K, 44% used [0x00000000c8e00000,0x00000000ca4e80e0,0x00000000cc100000)
 Metaspace       used 20874K, capacity 21100K, committed 21248K, reserved 1067008K
  class space    used 2665K, capacity 2750K, committed 2816K, reserved 1048576K
}

