# JRE version: Java(TM) SE Runtime Environment (8.0_301-b09) (build 1.8.0_301-b09)
# Java VM: Java HotSpot(TM) 64-Bit Server VM (25.301-b09 mixed mode windows-amd64 compressed oops)
Heap:
 PSYoungGen      total 131072K, used 72551K [0x00000000eda00000, 0x00000000f6700000, 0x0000000100000000)
  eden space 117760K, 61% used [0x00000000eda00000,0x00000000f20d9c50,0x00000000f4d00000)
  from space 13312K, 0% used [0x00000000f5a00000,0x00000000f5a00000,0x00000000f6700000)
  to   space 13312K, 0% used [0x00000000f4d00000,0x00000000f4d00000,0x00000000f5a00000)
 ParOldGen       total 53248K, used 23354K [0x00000000c8e00000, 0x00000000cc200000, 0x00000000eda00000)
  object space 53248K, 43% used [0x00000000c8e00000,0x00000000ca4ce968,0x00000000cc200000)
 Metaspace       used 23348K, capacity 23577K, committed 23680K, reserved 1071104K
  class space    used 2834K, capacity 2917K, committed 2944K, reserved 1048576K
GC Heap History (10 events):
Event: 1.979 GC heap before
{Heap before GC invocations=5 (full 0):
 PSYoungGen      total 31744K, used 31712K [0x00000000eda00000, 0x00000000efb00000, 0x0000000100000000)
  eden space 29696K, 100% used [0x00000000eda00000,0x00000000ef700000,0x00000000ef700000)
  from space 2048K, 98% used [0x00000000ef900000,0x00000000efaf8010,0x00000000efb00000)
  to   space 2048K, 0% used [0x00000000ef700000,0x00000000ef700000,0x00000000ef900000)
 ParOldGen       total 38400K, used 12710K [0x00000000c8e00000, 0x00000000cb380000, 0x00000000eda00000)
  object space 38400K, 33% used [0x00000000c8e00000,0x00000000c9a69940,0x00000000cb380000)
 Metaspace       used 11271K, capacity 11368K, committed 11520K, reserved 1058816K
  class space    used 1417K, capacity 1460K, committed 1536K, reserved 1048576K
Event: 1.987 GC heap after
Heap after GC invocations=5 (full 0):
 PSYoungGen      total 31744K, used 2016K [0x00000000eda00000, 0x00000000f2600000, 0x0000000100000000)
  eden space 29696K, 0% used [0x00000000eda00000,0x00000000eda00000,0x00000000ef700000)
  from space 2048K, 98% used [0x00000000ef700000,0x00000000ef8f8010,0x00000000ef900000)
  to   space 9216K, 0% used [0x00000000f1d00000,0x00000000f1d00000,0x00000000f2600000)
 ParOldGen       total 38400K, used 18639K [0x00000000c8e00000, 0x00000000cb380000, 0x00000000eda00000)
  object space 38400K, 48% used [0x00000000c8e00000,0x00000000ca033d58,0x00000000cb380000)
 Metaspace       used 11271K, capacity 11368K, committed 11520K, reserved 1058816K
  class space    used 1417K, capacity 1460K, committed 1536K, reserved 1048576K
}
Event: 2.381 GC heap before
{Heap before GC invocations=6 (full 0):
 PSYoungGen      total 31744K, used 31712K [0x00000000eda00000, 0x00000000f2600000, 0x0000000100000000)
  eden space 29696K, 100% used [0x00000000eda00000,0x00000000ef700000,0x00000000ef700000)
  from space 2048K, 98% used [0x00000000ef700000,0x00000000ef8f8010,0x00000000ef900000)
  to   space 9216K, 0% used [0x00000000f1d00000,0x00000000f1d00000,0x00000000f2600000)
 ParOldGen       total 38400K, used 18639K [0x00000000c8e00000, 0x00000000cb380000, 0x00000000eda00000)
  object space 38400K, 48% used [0x00000000c8e00000,0x00000000ca033d58,0x00000000cb380000)
 Metaspace       used 13269K, capacity 13438K, committed 13568K, reserved 1060864K
  class space    used 1728K, capacity 1757K, committed 1792K, reserved 1048576K
Event: 2.392 GC heap after
Heap after GC invocations=6 (full 0):
 PSYoungGen      total 68096K, used 7695K [0x00000000eda00000, 0x00000000f2700000, 0x0000000100000000)
  eden space 58880K, 0% used [0x00000000eda00000,0x00000000eda00000,0x00000000f1380000)
  from space 9216K, 83% used [0x00000000f1d00000,0x00000000f2483e30,0x00000000f2600000)
  to   space 9728K, 0% used [0x00000000f1380000,0x00000000f1380000,0x00000000f1d00000)
 ParOldGen       total 38400K, used 18647K [0x00000000c8e00000, 0x00000000cb380000, 0x00000000eda00000)
  object space 38400K, 48% used [0x00000000c8e00000,0x00000000ca035d58,0x00000000cb380000)
 Metaspace       used 13269K, capacity 13438K, committed 13568K, reserved 1060864K
  class space    used 1728K, capacity 1757K, committed 1792K, reserved 1048576K
}
Event: 4.373 GC heap before
{Heap before GC invocations=7 (full 0):
 PSYoungGen      total 68096K, used 66575K [0x00000000eda00000, 0x00000000f2700000, 0x0000000100000000)
  eden space 58880K, 100% used [0x00000000eda00000,0x00000000f1380000,0x00000000f1380000)
  from space 9216K, 83% used [0x00000000f1d00000,0x00000000f2483e30,0x00000000f2600000)
  to   space 9728K, 0% used [0x00000000f1380000,0x00000000f1380000,0x00000000f1d00000)
 ParOldGen       total 38400K, used 18647K [0x00000000c8e00000, 0x00000000cb380000, 0x00000000eda00000)
  object space 38400K, 48% used [0x00000000c8e00000,0x00000000ca035d58,0x00000000cb380000)
 Metaspace       used 20065K, capacity 20312K, committed 20608K, reserved 1067008K
  class space    used 2588K, capacity 2656K, committed 2688K, reserved 1048576K
Event: 4.393 GC heap after
Heap after GC invocations=7 (full 0):
 PSYoungGen      total 68608K, used 9713K [0x00000000eda00000, 0x00000000f6700000, 0x0000000100000000)
  eden space 58880K, 0% used [0x00000000eda00000,0x00000000eda00000,0x00000000f1380000)
  from space 9728K, 99% used [0x00000000f1380000,0x00000000f1cfc7d8,0x00000000f1d00000)
  to   space 13312K, 0% used [0x00000000f5a00000,0x00000000f5a00000,0x00000000f6700000)
 ParOldGen       total 38400K, used 22987K [0x00000000c8e00000, 0x00000000cb380000, 0x00000000eda00000)
  object space 38400K, 59% used [0x00000000c8e00000,0x00000000ca472f00,0x00000000cb380000)
 Metaspace       used 20065K, capacity 20312K, committed 20608K, reserved 1067008K
  class space    used 2588K, capacity 2656K, committed 2688K, reserved 1048576K
}
Event: 5.035 GC heap before
{Heap before GC invocations=8 (full 0):
 PSYoungGen      total 68608K, used 18244K [0x00000000eda00000, 0x00000000f6700000, 0x0000000100000000)
  eden space 58880K, 14% used [0x00000000eda00000,0x00000000ee254ab8,0x00000000f1380000)
  from space 9728K, 99% used [0x00000000f1380000,0x00000000f1cfc7d8,0x00000000f1d00000)
  to   space 13312K, 0% used [0x00000000f5a00000,0x00000000f5a00000,0x00000000f6700000)
 ParOldGen       total 38400K, used 22987K [0x00000000c8e00000, 0x00000000cb380000, 0x00000000eda00000)
  object space 38400K, 59% used [0x00000000c8e00000,0x00000000ca472f00,0x00000000cb380000)
 Metaspace       used 20857K, capacity 21104K, committed 21248K, reserved 1067008K
  class space    used 2664K, capacity 2724K, committed 2816K, reserved 1048576K
Event: 5.047 GC heap after
Heap after GC invocations=8 (full 0):
 PSYoungGen      total 131072K, used 8656K [0x00000000eda00000, 0x00000000f6700000, 0x0000000100000000)
  eden space 117760K, 0% used [0x00000000eda00000,0x00000000eda00000,0x00000000f4d00000)
  from space 13312K, 65% used [0x00000000f5a00000,0x00000000f6274038,0x00000000f6700000)
  to   space 13312K, 0% used [0x00000000f4d00000,0x00000000f4d00000,0x00000000f5a00000)
 ParOldGen       total 38400K, used 23675K [0x00000000c8e00000, 0x00000000cb380000, 0x00000000eda00000)
  object space 38400K, 61% used [0x00000000c8e00000,0x00000000ca51ef10,0x00000000cb380000)
 Metaspace       used 20857K, capacity 21104K, committed 21248K, reserved 1067008K
  class space    used 2664K, capacity 2724K, committed 2816K, reserved 1048576K
}
Event: 5.047 GC heap before
{Heap before GC invocations=9 (full 1):
 PSYoungGen      total 131072K, used 8656K [0x00000000eda00000, 0x00000000f6700000, 0x0000000100000000)
  eden space 117760K, 0% used [0x00000000eda00000,0x00000000eda00000,0x00000000f4d00000)
  from space 13312K, 65% used [0x00000000f5a00000,0x00000000f6274038,0x00000000f6700000)
  to   space 13312K, 0% used [0x00000000f4d00000,0x00000000f4d00000,0x00000000f5a00000)
 ParOldGen       total 38400K, used 23675K [0x00000000c8e00000, 0x00000000cb380000, 0x00000000eda00000)
  object space 38400K, 61% used [0x00000000c8e00000,0x00000000ca51ef10,0x00000000cb380000)
 Metaspace       used 20857K, capacity 21104K, committed 21248K, reserved 1067008K
  class space    used 2664K, capacity 2724K, committed 2816K, reserved 1048576K
Event: 5.131 GC heap after
Heap after GC invocations=9 (full 1):
 PSYoungGen      total 131072K, used 0K [0x00000000eda00000, 0x00000000f6700000, 0x0000000100000000)
  eden space 117760K, 0% used [0x00000000eda00000,0x00000000eda00000,0x00000000f4d00000)
  from space 13312K, 0% used [0x00000000f5a00000,0x00000000f5a00000,0x00000000f6700000)
  to   space 13312K, 0% used [0x00000000f4d00000,0x00000000f4d00000,0x00000000f5a00000)
 ParOldGen       total 53248K, used 23354K [0x00000000c8e00000, 0x00000000cc200000, 0x00000000eda00000)
  object space 53248K, 43% used [0x00000000c8e00000,0x00000000ca4ce968,0x00000000cc200000)
 Metaspace       used 20857K, capacity 21104K, committed 21248K, reserved 1067008K
  class space    used 2664K, capacity 2724K, committed 2816K, reserved 1048576K
}

