# JRE version: Java(TM) SE Runtime Environment (8.0_301-b09) (build 1.8.0_301-b09)
# Java VM: Java HotSpot(TM) 64-Bit Server VM (25.301-b09 mixed mode windows-amd64 compressed oops)
Heap:
 PSYoungGen      total 131072K, used 4701K [0x00000000eda00000, 0x00000000f6700000, 0x0000000100000000)
  eden space 117760K, 3% used [0x00000000eda00000,0x00000000ede97540,0x00000000f4d00000)
  from space 13312K, 0% used [0x00000000f5a00000,0x00000000f5a00000,0x00000000f6700000)
  to   space 13312K, 0% used [0x00000000f4d00000,0x00000000f4d00000,0x00000000f5a00000)
 ParOldGen       total 52736K, used 23638K [0x00000000c8e00000, 0x00000000cc180000, 0x00000000eda00000)
  object space 52736K, 44% used [0x00000000c8e00000,0x00000000ca515ab0,0x00000000cc180000)
 Metaspace       used 20995K, capacity 21232K, committed 21504K, reserved 1069056K
  class space    used 2693K, capacity 2788K, committed 2816K, reserved 1048576K
GC Heap History (10 events):
Event: 1.235 GC heap before
{Heap before GC invocations=5 (full 0):
 PSYoungGen      total 31744K, used 31728K [0x00000000eda00000, 0x00000000efb00000, 0x0000000100000000)
  eden space 29696K, 100% used [0x00000000eda00000,0x00000000ef700000,0x00000000ef700000)
  from space 2048K, 99% used [0x00000000ef900000,0x00000000efafc020,0x00000000efb00000)
  to   space 2048K, 0% used [0x00000000ef700000,0x00000000ef700000,0x00000000ef900000)
 ParOldGen       total 38400K, used 12266K [0x00000000c8e00000, 0x00000000cb380000, 0x00000000eda00000)
  object space 38400K, 31% used [0x00000000c8e00000,0x00000000c99faa58,0x00000000cb380000)
 Metaspace       used 11256K, capacity 11368K, committed 11520K, reserved 1058816K
  class space    used 1418K, capacity 1460K, committed 1536K, reserved 1048576K
Event: 1.242 GC heap after
Heap after GC invocations=5 (full 0):
 PSYoungGen      total 31744K, used 2032K [0x00000000eda00000, 0x00000000f2600000, 0x0000000100000000)
  eden space 29696K, 0% used [0x00000000eda00000,0x00000000eda00000,0x00000000ef700000)
  from space 2048K, 99% used [0x00000000ef700000,0x00000000ef8fc020,0x00000000ef900000)
  to   space 9216K, 0% used [0x00000000f1d00000,0x00000000f1d00000,0x00000000f2600000)
 ParOldGen       total 38400K, used 18186K [0x00000000c8e00000, 0x00000000cb380000, 0x00000000eda00000)
  object space 38400K, 47% used [0x00000000c8e00000,0x00000000c9fc2a60,0x00000000cb380000)
 Metaspace       used 11256K, capacity 11368K, committed 11520K, reserved 1058816K
  class space    used 1418K, capacity 1460K, committed 1536K, reserved 1048576K
}
Event: 1.544 GC heap before
{Heap before GC invocations=6 (full 0):
 PSYoungGen      total 31744K, used 31728K [0x00000000eda00000, 0x00000000f2600000, 0x0000000100000000)
  eden space 29696K, 100% used [0x00000000eda00000,0x00000000ef700000,0x00000000ef700000)
  from space 2048K, 99% used [0x00000000ef700000,0x00000000ef8fc020,0x00000000ef900000)
  to   space 9216K, 0% used [0x00000000f1d00000,0x00000000f1d00000,0x00000000f2600000)
 ParOldGen       total 38400K, used 18186K [0x00000000c8e00000, 0x00000000cb380000, 0x00000000eda00000)
  object space 38400K, 47% used [0x00000000c8e00000,0x00000000c9fc2a60,0x00000000cb380000)
 Metaspace       used 13274K, capacity 13374K, committed 13568K, reserved 1060864K
  class space    used 1726K, capacity 1757K, committed 1792K, reserved 1048576K
Event: 1.556 GC heap after
Heap after GC invocations=6 (full 0):
 PSYoungGen      total 68096K, used 7612K [0x00000000eda00000, 0x00000000f2700000, 0x0000000100000000)
  eden space 58880K, 0% used [0x00000000eda00000,0x00000000eda00000,0x00000000f1380000)
  from space 9216K, 82% used [0x00000000f1d00000,0x00000000f246f140,0x00000000f2600000)
  to   space 9728K, 0% used [0x00000000f1380000,0x00000000f1380000,0x00000000f1d00000)
 ParOldGen       total 38400K, used 18186K [0x00000000c8e00000, 0x00000000cb380000, 0x00000000eda00000)
  object space 38400K, 47% used [0x00000000c8e00000,0x00000000c9fc2a60,0x00000000cb380000)
 Metaspace       used 13274K, capacity 13374K, committed 13568K, reserved 1060864K
  class space    used 1726K, capacity 1757K, committed 1792K, reserved 1048576K
}
Event: 2.918 GC heap before
{Heap before GC invocations=7 (full 0):
 PSYoungGen      total 68096K, used 66492K [0x00000000eda00000, 0x00000000f2700000, 0x0000000100000000)
  eden space 58880K, 100% used [0x00000000eda00000,0x00000000f1380000,0x00000000f1380000)
  from space 9216K, 82% used [0x00000000f1d00000,0x00000000f246f140,0x00000000f2600000)
  to   space 9728K, 0% used [0x00000000f1380000,0x00000000f1380000,0x00000000f1d00000)
 ParOldGen       total 38400K, used 18186K [0x00000000c8e00000, 0x00000000cb380000, 0x00000000eda00000)
  object space 38400K, 47% used [0x00000000c8e00000,0x00000000c9fc2a60,0x00000000cb380000)
 Metaspace       used 20027K, capacity 20248K, committed 20352K, reserved 1067008K
  class space    used 2587K, capacity 2656K, committed 2688K, reserved 1048576K
Event: 2.944 GC heap after
Heap after GC invocations=7 (full 0):
 PSYoungGen      total 68608K, used 9705K [0x00000000eda00000, 0x00000000f6700000, 0x0000000100000000)
  eden space 58880K, 0% used [0x00000000eda00000,0x00000000eda00000,0x00000000f1380000)
  from space 9728K, 99% used [0x00000000f1380000,0x00000000f1cfa5c8,0x00000000f1d00000)
  to   space 13312K, 0% used [0x00000000f5a00000,0x00000000f5a00000,0x00000000f6700000)
 ParOldGen       total 38400K, used 22489K [0x00000000c8e00000, 0x00000000cb380000, 0x00000000eda00000)
  object space 38400K, 58% used [0x00000000c8e00000,0x00000000ca3f64c0,0x00000000cb380000)
 Metaspace       used 20027K, capacity 20248K, committed 20352K, reserved 1067008K
  class space    used 2587K, capacity 2656K, committed 2688K, reserved 1048576K
}
Event: 3.308 GC heap before
{Heap before GC invocations=8 (full 0):
 PSYoungGen      total 68608K, used 19134K [0x00000000eda00000, 0x00000000f6700000, 0x0000000100000000)
  eden space 58880K, 16% used [0x00000000eda00000,0x00000000ee3355f8,0x00000000f1380000)
  from space 9728K, 99% used [0x00000000f1380000,0x00000000f1cfa5c8,0x00000000f1d00000)
  to   space 13312K, 0% used [0x00000000f5a00000,0x00000000f5a00000,0x00000000f6700000)
 ParOldGen       total 38400K, used 22489K [0x00000000c8e00000, 0x00000000cb380000, 0x00000000eda00000)
  object space 38400K, 58% used [0x00000000c8e00000,0x00000000ca3f64c0,0x00000000cb380000)
 Metaspace       used 20870K, capacity 21136K, committed 21248K, reserved 1067008K
  class space    used 2677K, capacity 2756K, committed 2816K, reserved 1048576K
Event: 3.320 GC heap after
Heap after GC invocations=8 (full 0):
 PSYoungGen      total 131072K, used 8563K [0x00000000eda00000, 0x00000000f6700000, 0x0000000100000000)
  eden space 117760K, 0% used [0x00000000eda00000,0x00000000eda00000,0x00000000f4d00000)
  from space 13312K, 64% used [0x00000000f5a00000,0x00000000f625ceb0,0x00000000f6700000)
  to   space 13312K, 0% used [0x00000000f4d00000,0x00000000f4d00000,0x00000000f5a00000)
 ParOldGen       total 38400K, used 22977K [0x00000000c8e00000, 0x00000000cb380000, 0x00000000eda00000)
  object space 38400K, 59% used [0x00000000c8e00000,0x00000000ca4704d0,0x00000000cb380000)
 Metaspace       used 20870K, capacity 21136K, committed 21248K, reserved 1067008K
  class space    used 2677K, capacity 2756K, committed 2816K, reserved 1048576K
}
Event: 3.320 GC heap before
{Heap before GC invocations=9 (full 1):
 PSYoungGen      total 131072K, used 8563K [0x00000000eda00000, 0x00000000f6700000, 0x0000000100000000)
  eden space 117760K, 0% used [0x00000000eda00000,0x00000000eda00000,0x00000000f4d00000)
  from space 13312K, 64% used [0x00000000f5a00000,0x00000000f625ceb0,0x00000000f6700000)
  to   space 13312K, 0% used [0x00000000f4d00000,0x00000000f4d00000,0x00000000f5a00000)
 ParOldGen       total 38400K, used 22977K [0x00000000c8e00000, 0x00000000cb380000, 0x00000000eda00000)
  object space 38400K, 59% used [0x00000000c8e00000,0x00000000ca4704d0,0x00000000cb380000)
 Metaspace       used 20870K, capacity 21136K, committed 21248K, reserved 1067008K
  class space    used 2677K, capacity 2756K, committed 2816K, reserved 1048576K
Event: 3.394 GC heap after
Heap after GC invocations=9 (full 1):
 PSYoungGen      total 131072K, used 0K [0x00000000eda00000, 0x00000000f6700000, 0x0000000100000000)
  eden space 117760K, 0% used [0x00000000eda00000,0x00000000eda00000,0x00000000f4d00000)
  from space 13312K, 0% used [0x00000000f5a00000,0x00000000f5a00000,0x00000000f6700000)
  to   space 13312K, 0% used [0x00000000f4d00000,0x00000000f4d00000,0x00000000f5a00000)
 ParOldGen       total 52736K, used 23638K [0x00000000c8e00000, 0x00000000cc180000, 0x00000000eda00000)
  object space 52736K, 44% used [0x00000000c8e00000,0x00000000ca515ab0,0x00000000cc180000)
 Metaspace       used 20870K, capacity 21136K, committed 21248K, reserved 1067008K
  class space    used 2677K, capacity 2756K, committed 2816K, reserved 1048576K
}

