# JRE version: Java(TM) SE Runtime Environment (8.0_301-b09) (build 1.8.0_301-b09)
# Java VM: Java HotSpot(TM) 64-Bit Server VM (25.301-b09 mixed mode windows-amd64 compressed oops)
Heap:
 PSYoungGen      total 61440K, used 44775K [0x00000000eda00000, 0x00000000f6d00000, 0x0000000100000000)
  eden space 59392K, 75% used [0x00000000eda00000,0x00000000f05b9e08,0x00000000f1400000)
  from space 2048K, 0% used [0x00000000f1400000,0x00000000f1400000,0x00000000f1600000)
  to   space 15872K, 0% used [0x00000000f5d80000,0x00000000f5d80000,0x00000000f6d00000)
 ParOldGen       total 62976K, used 27227K [0x00000000c8e00000, 0x00000000ccb80000, 0x00000000eda00000)
  object space 62976K, 43% used [0x00000000c8e00000,0x00000000ca896d38,0x00000000ccb80000)
 Metaspace       used 21793K, capacity 22064K, committed 22400K, reserved 1069056K
  class space    used 2768K, capacity 2852K, committed 2944K, reserved 1048576K
GC Heap History (10 events):
Event: 0.756 GC heap before
{Heap before GC invocations=2 (full 0):
 PSYoungGen      total 16896K, used 16866K [0x00000000eda00000, 0x00000000efb00000, 0x0000000100000000)
  eden space 14848K, 100% used [0x00000000eda00000,0x00000000ee880000,0x00000000ee880000)
  from space 2048K, 98% used [0x00000000ee880000,0x00000000eea78ad0,0x00000000eea80000)
  to   space 2048K, 0% used [0x00000000ef900000,0x00000000ef900000,0x00000000efb00000)
 ParOldGen       total 38400K, used 827K [0x00000000c8e00000, 0x00000000cb380000, 0x00000000eda00000)
  object space 38400K, 2% used [0x00000000c8e00000,0x00000000c8ecef90,0x00000000cb380000)
 Metaspace       used 5438K, capacity 5570K, committed 5888K, reserved 1056768K
  class space    used 608K, capacity 659K, committed 768K, reserved 1048576K
Event: 0.791 GC heap after
Heap after GC invocations=2 (full 0):
 PSYoungGen      total 31744K, used 2048K [0x00000000eda00000, 0x00000000efb00000, 0x0000000100000000)
  eden space 29696K, 0% used [0x00000000eda00000,0x00000000eda00000,0x00000000ef700000)
  from space 2048K, 100% used [0x00000000ef900000,0x00000000efb00000,0x00000000efb00000)
  to   space 2048K, 0% used [0x00000000ef700000,0x00000000ef700000,0x00000000ef900000)
 ParOldGen       total 38400K, used 4603K [0x00000000c8e00000, 0x00000000cb380000, 0x00000000eda00000)
  object space 38400K, 11% used [0x00000000c8e00000,0x00000000c927efb8,0x00000000cb380000)
 Metaspace       used 5438K, capacity 5570K, committed 5888K, reserved 1056768K
  class space    used 608K, capacity 659K, committed 768K, reserved 1048576K
}
Event: 1.550 GC heap before
{Heap before GC invocations=3 (full 0):
 PSYoungGen      total 31744K, used 31744K [0x00000000eda00000, 0x00000000efb00000, 0x0000000100000000)
  eden space 29696K, 100% used [0x00000000eda00000,0x00000000ef700000,0x00000000ef700000)
  from space 2048K, 100% used [0x00000000ef900000,0x00000000efb00000,0x00000000efb00000)
  to   space 2048K, 0% used [0x00000000ef700000,0x00000000ef700000,0x00000000ef900000)
 ParOldGen       total 38400K, used 4603K [0x00000000c8e00000, 0x00000000cb380000, 0x00000000eda00000)
  object space 38400K, 11% used [0x00000000c8e00000,0x00000000c927efb8,0x00000000cb380000)
 Metaspace       used 8336K, capacity 8424K, committed 8576K, reserved 1056768K
  class space    used 1021K, capacity 1076K, committed 1152K, reserved 1048576K
Event: 1.560 GC heap after
Heap after GC invocations=3 (full 0):
 PSYoungGen      total 31744K, used 2048K [0x00000000eda00000, 0x00000000f1800000, 0x0000000100000000)
  eden space 29696K, 0% used [0x00000000eda00000,0x00000000eda00000,0x00000000ef700000)
  from space 2048K, 100% used [0x00000000ef700000,0x00000000ef900000,0x00000000ef900000)
  to   space 2048K, 0% used [0x00000000f1600000,0x00000000f1600000,0x00000000f1800000)
 ParOldGen       total 38400K, used 12133K [0x00000000c8e00000, 0x00000000cb380000, 0x00000000eda00000)
  object space 38400K, 31% used [0x00000000c8e00000,0x00000000c99d9678,0x00000000cb380000)
 Metaspace       used 8336K, capacity 8424K, committed 8576K, reserved 1056768K
  class space    used 1021K, capacity 1076K, committed 1152K, reserved 1048576K
}
Event: 2.079 GC heap before
{Heap before GC invocations=4 (full 0):
 PSYoungGen      total 31744K, used 31744K [0x00000000eda00000, 0x00000000f1800000, 0x0000000100000000)
  eden space 29696K, 100% used [0x00000000eda00000,0x00000000ef700000,0x00000000ef700000)
  from space 2048K, 100% used [0x00000000ef700000,0x00000000ef900000,0x00000000ef900000)
  to   space 2048K, 0% used [0x00000000f1600000,0x00000000f1600000,0x00000000f1800000)
 ParOldGen       total 38400K, used 12133K [0x00000000c8e00000, 0x00000000cb380000, 0x00000000eda00000)
  object space 38400K, 31% used [0x00000000c8e00000,0x00000000c99d9678,0x00000000cb380000)
 Metaspace       used 11280K, capacity 11368K, committed 11520K, reserved 1058816K
  class space    used 1419K, capacity 1460K, committed 1536K, reserved 1048576K
Event: 2.088 GC heap after
Heap after GC invocations=4 (full 0):
 PSYoungGen      total 61440K, used 2036K [0x00000000eda00000, 0x00000000f1800000, 0x0000000100000000)
  eden space 59392K, 0% used [0x00000000eda00000,0x00000000eda00000,0x00000000f1400000)
  from space 2048K, 99% used [0x00000000f1600000,0x00000000f17fd308,0x00000000f1800000)
  to   space 2048K, 0% used [0x00000000f1400000,0x00000000f1400000,0x00000000f1600000)
 ParOldGen       total 38400K, used 18054K [0x00000000c8e00000, 0x00000000cb380000, 0x00000000eda00000)
  object space 38400K, 47% used [0x00000000c8e00000,0x00000000c9fa1960,0x00000000cb380000)
 Metaspace       used 11280K, capacity 11368K, committed 11520K, reserved 1058816K
  class space    used 1419K, capacity 1460K, committed 1536K, reserved 1048576K
}
Event: 3.894 GC heap before
{Heap before GC invocations=5 (full 0):
 PSYoungGen      total 61440K, used 61428K [0x00000000eda00000, 0x00000000f1800000, 0x0000000100000000)
  eden space 59392K, 100% used [0x00000000eda00000,0x00000000f1400000,0x00000000f1400000)
  from space 2048K, 99% used [0x00000000f1600000,0x00000000f17fd308,0x00000000f1800000)
  to   space 2048K, 0% used [0x00000000f1400000,0x00000000f1400000,0x00000000f1600000)
 ParOldGen       total 38400K, used 18054K [0x00000000c8e00000, 0x00000000cb380000, 0x00000000eda00000)
  object space 38400K, 47% used [0x00000000c8e00000,0x00000000c9fa1960,0x00000000cb380000)
 Metaspace       used 18500K, capacity 18696K, committed 18944K, reserved 1064960K
  class space    used 2424K, capacity 2506K, committed 2560K, reserved 1048576K
Event: 3.917 GC heap after
Heap after GC invocations=5 (full 0):
 PSYoungGen      total 61440K, used 2032K [0x00000000eda00000, 0x00000000f6d00000, 0x0000000100000000)
  eden space 59392K, 0% used [0x00000000eda00000,0x00000000eda00000,0x00000000f1400000)
  from space 2048K, 99% used [0x00000000f1400000,0x00000000f15fc030,0x00000000f1600000)
  to   space 15872K, 0% used [0x00000000f5d80000,0x00000000f5d80000,0x00000000f6d00000)
 ParOldGen       total 38400K, used 30029K [0x00000000c8e00000, 0x00000000cb380000, 0x00000000eda00000)
  object space 38400K, 78% used [0x00000000c8e00000,0x00000000cab53498,0x00000000cb380000)
 Metaspace       used 18500K, capacity 18696K, committed 18944K, reserved 1064960K
  class space    used 2424K, capacity 2506K, committed 2560K, reserved 1048576K
}
Event: 3.917 GC heap before
{Heap before GC invocations=6 (full 1):
 PSYoungGen      total 61440K, used 2032K [0x00000000eda00000, 0x00000000f6d00000, 0x0000000100000000)
  eden space 59392K, 0% used [0x00000000eda00000,0x00000000eda00000,0x00000000f1400000)
  from space 2048K, 99% used [0x00000000f1400000,0x00000000f15fc030,0x00000000f1600000)
  to   space 15872K, 0% used [0x00000000f5d80000,0x00000000f5d80000,0x00000000f6d00000)
 ParOldGen       total 38400K, used 30029K [0x00000000c8e00000, 0x00000000cb380000, 0x00000000eda00000)
  object space 38400K, 78% used [0x00000000c8e00000,0x00000000cab53498,0x00000000cb380000)
 Metaspace       used 18500K, capacity 18696K, committed 18944K, reserved 1064960K
  class space    used 2424K, capacity 2506K, committed 2560K, reserved 1048576K
Event: 4.021 GC heap after
Heap after GC invocations=6 (full 1):
 PSYoungGen      total 61440K, used 0K [0x00000000eda00000, 0x00000000f6d00000, 0x0000000100000000)
  eden space 59392K, 0% used [0x00000000eda00000,0x00000000eda00000,0x00000000f1400000)
  from space 2048K, 0% used [0x00000000f1400000,0x00000000f1400000,0x00000000f1600000)
  to   space 15872K, 0% used [0x00000000f5d80000,0x00000000f5d80000,0x00000000f6d00000)
 ParOldGen       total 62976K, used 27227K [0x00000000c8e00000, 0x00000000ccb80000, 0x00000000eda00000)
  object space 62976K, 43% used [0x00000000c8e00000,0x00000000ca896d38,0x00000000ccb80000)
 Metaspace       used 18500K, capacity 18696K, committed 18944K, reserved 1064960K
  class space    used 2424K, capacity 2506K, committed 2560K, reserved 1048576K
}

